c:\users\ruchita kondvilkar\source\repos\dx12enginedemo\dx12enginedemo\debug\vc142.pdb
c:\users\ruchita kondvilkar\source\repos\dx12enginedemo\dx12enginedemo\debug\vc142.idb
c:\users\ruchita kondvilkar\source\repos\dx12enginedemo\dx12enginedemo\debug\main.obj
c:\users\ruchita kondvilkar\source\repos\dx12enginedemo\dx12enginedemo\debug\game.obj
c:\users\ruchita kondvilkar\source\repos\dx12enginedemo\dx12enginedemo\debug\dxsample.obj
c:\users\ruchita kondvilkar\source\repos\dx12enginedemo\dx12enginedemo\debug\application.obj
c:\users\ruchita kondvilkar\source\repos\dx12enginedemo\debug\pixelshader.cso
c:\users\ruchita kondvilkar\source\repos\dx12enginedemo\debug\vertexshader.cso
c:\users\ruchita kondvilkar\source\repos\dx12enginedemo\debug\dx12enginedemo.pdb
c:\users\ruchita kondvilkar\source\repos\dx12enginedemo\dx12enginedemo\debug\dx12enginedemo.tlog\cl.command.1.tlog
c:\users\ruchita kondvilkar\source\repos\dx12enginedemo\dx12enginedemo\debug\dx12enginedemo.tlog\cl.read.1.tlog
c:\users\ruchita kondvilkar\source\repos\dx12enginedemo\dx12enginedemo\debug\dx12enginedemo.tlog\cl.write.1.tlog
c:\users\ruchita kondvilkar\source\repos\dx12enginedemo\dx12enginedemo\debug\dx12enginedemo.tlog\fxc.command.1.tlog
c:\users\ruchita kondvilkar\source\repos\dx12enginedemo\dx12enginedemo\debug\dx12enginedemo.tlog\fxc.read.1.tlog
c:\users\ruchita kondvilkar\source\repos\dx12enginedemo\dx12enginedemo\debug\dx12enginedemo.tlog\fxc.write.1.tlog
c:\users\ruchita kondvilkar\source\repos\dx12enginedemo\dx12enginedemo\debug\dx12enginedemo.tlog\link-cvtres.read.1.tlog
c:\users\ruchita kondvilkar\source\repos\dx12enginedemo\dx12enginedemo\debug\dx12enginedemo.tlog\link-cvtres.write.1.tlog
c:\users\ruchita kondvilkar\source\repos\dx12enginedemo\dx12enginedemo\debug\dx12enginedemo.tlog\link-rc.read.1.tlog
c:\users\ruchita kondvilkar\source\repos\dx12enginedemo\dx12enginedemo\debug\dx12enginedemo.tlog\link-rc.write.1.tlog
c:\users\ruchita kondvilkar\source\repos\dx12enginedemo\dx12enginedemo\debug\dx12enginedemo.tlog\link.command.1.tlog
c:\users\ruchita kondvilkar\source\repos\dx12enginedemo\dx12enginedemo\debug\dx12enginedemo.tlog\link.read.1.tlog
c:\users\ruchita kondvilkar\source\repos\dx12enginedemo\dx12enginedemo\debug\dx12enginedemo.tlog\link.write.1.tlog
