c:\users\ruchita kondvilkar\source\repos\dx12enginedemo\dx12enginedemo\x64\debug\vc142.pdb
c:\users\ruchita kondvilkar\source\repos\dx12enginedemo\dx12enginedemo\x64\debug\vc142.idb
c:\users\ruchita kondvilkar\source\repos\dx12enginedemo\dx12enginedemo\x64\debug\main.obj
c:\users\ruchita kondvilkar\source\repos\dx12enginedemo\dx12enginedemo\x64\debug\game.obj
c:\users\ruchita kondvilkar\source\repos\dx12enginedemo\dx12enginedemo\x64\debug\dxsample.obj
c:\users\ruchita kondvilkar\source\repos\dx12enginedemo\dx12enginedemo\x64\debug\application.obj
c:\users\ruchita kondvilkar\source\repos\dx12enginedemo\x64\debug\pixelshader.hlsl
c:\users\ruchita kondvilkar\source\repos\dx12enginedemo\x64\debug\vertexshader.hlsl
c:\users\ruchita kondvilkar\source\repos\dx12enginedemo\x64\debug\dx12enginedemo.ilk
c:\users\ruchita kondvilkar\source\repos\dx12enginedemo\x64\debug\dx12enginedemo.exe
c:\users\ruchita kondvilkar\source\repos\dx12enginedemo\x64\debug\dx12enginedemo.pdb
c:\users\ruchita kondvilkar\source\repos\dx12enginedemo\dx12enginedemo\x64\debug\dx12enginedemo.tlog\cl.command.1.tlog
c:\users\ruchita kondvilkar\source\repos\dx12enginedemo\dx12enginedemo\x64\debug\dx12enginedemo.tlog\cl.read.1.tlog
c:\users\ruchita kondvilkar\source\repos\dx12enginedemo\dx12enginedemo\x64\debug\dx12enginedemo.tlog\cl.write.1.tlog
c:\users\ruchita kondvilkar\source\repos\dx12enginedemo\dx12enginedemo\x64\debug\dx12enginedemo.tlog\custombuild.command.1.tlog
c:\users\ruchita kondvilkar\source\repos\dx12enginedemo\dx12enginedemo\x64\debug\dx12enginedemo.tlog\custombuild.read.1.tlog
c:\users\ruchita kondvilkar\source\repos\dx12enginedemo\dx12enginedemo\x64\debug\dx12enginedemo.tlog\custombuild.write.1.tlog
c:\users\ruchita kondvilkar\source\repos\dx12enginedemo\dx12enginedemo\x64\debug\dx12enginedemo.tlog\link.command.1.tlog
c:\users\ruchita kondvilkar\source\repos\dx12enginedemo\dx12enginedemo\x64\debug\dx12enginedemo.tlog\link.read.1.tlog
c:\users\ruchita kondvilkar\source\repos\dx12enginedemo\dx12enginedemo\x64\debug\dx12enginedemo.tlog\link.write.1.tlog
